Using pre-set license

 COMMAND LINE ARGUMENTS:
/Applications/Unity/Unity.app/Contents/MacOS/Unity
-adb2
-batchMode
-noUpm
-name
AssetImportWorker0
-projectPath
/Users/contractor2/Documents/GitHub/acs/Annoying Client Simulator
-logFile
Logs/AssetImportWorker0.log
-srvPort
64901
Successfully changed project path to: /Users/contractor2/Documents/GitHub/acs/Annoying Client Simulator
/Users/contractor2/Documents/GitHub/acs/Annoying Client Simulator
Using Asset Import Pipeline V2.
Refreshing native plugins compatible for Editor in 68.31 ms, found 3 plugins.
Preloading 0 native plugins for Editor in 0.00 ms.
Initialize engine version: 2020.3.12f1 (b3b2c6512326)
[Subsystems] Discovering subsystems at path /Applications/Unity/Unity.app/Contents/Resources/UnitySubsystems
[Subsystems] Discovering subsystems at path /Users/contractor2/Documents/GitHub/acs/Annoying Client Simulator/Assets
GfxDevice: creating device client; threaded=0
2021-12-20 14:50:56.768 Unity[15195:4786844] iMac preferred device: AMD Radeon R9 M380 (high power)
2021-12-20 14:50:56.768 Unity[15195:4786844] Metal devices available: 1
2021-12-20 14:50:56.768 Unity[15195:4786844] 0: AMD Radeon R9 M380 (high power)
2021-12-20 14:50:56.769 Unity[15195:4786844] Using device AMD Radeon R9 M380 (high power)
Initializing Metal device caps: AMD Radeon R9 M380
Initialize mono
Mono path[0] = '/Applications/Unity/Unity.app/Contents/Managed'
Mono path[1] = '/Applications/Unity/Unity.app/Contents/MonoBleedingEdge/lib/mono/unityjit'
Mono config path = '/Applications/Unity/Unity.app/Contents/MonoBleedingEdge/etc'
Using monoOptions --debugger-agent=transport=dt_socket,embedding=1,server=y,suspend=n,address=127.0.0.1:56195
Begin MonoManager ReloadAssembly
Registering precompiled unity dll's ...
Register platform support module: /Applications/Unity/Unity.app/Contents/PlaybackEngines/MacStandaloneSupport/UnityEditor.OSXStandalone.Extensions.dll
Registered in 0.002201 seconds.
Native extension for OSXStandalone target not found
Refreshing native plugins compatible for Editor in 80.00 ms, found 3 plugins.
Preloading 0 native plugins for Editor in 0.00 ms.
Mono: successfully reloaded assembly
- Completed reload, in  2.512 seconds
Platform modules already initialized, skipping
Registering precompiled user dll's ...
Registered in 0.005985 seconds.
Begin MonoManager ReloadAssembly
Native extension for OSXStandalone target not found
Refreshing native plugins compatible for Editor in 62.23 ms, found 3 plugins.
Preloading 0 native plugins for Editor in 0.00 ms.
Mono: successfully reloaded assembly
- Completed reload, in  1.846 seconds
Platform modules already initialized, skipping
========================================================================
Worker process is ready to serve import requests
Launching external process: /Applications/Unity/Unity.app/Contents/Tools/UnityShaderCompiler
Launched and connected shader compiler UnityShaderCompiler after 0.02 seconds
Refreshing native plugins compatible for Editor in 0.83 ms, found 3 plugins.
Preloading 0 native plugins for Editor in 0.00 ms.
Unloading 2266 Unused Serialized files (Serialized files now loaded: 0)
System memory in use before: 177.2 MB.
System memory in use after: 177.3 MB.

Unloading 33 unused Assets to reduce memory usage. Loaded Objects now: 2707.
Total: 2.521363 ms (FindLiveObjects: 0.247973 ms CreateObjectMapping: 0.100160 ms MarkObjects: 2.037799 ms  DeleteObjects: 0.134579 ms)

AssetImportParameters requested are different than current active one (requested -> active):
  custom:video-decoder-ogg-theora: a1e56fd34408186e4bbccfd4996cb3dc -> 
  custom:container-muxer-webm: aa71ff27fc2769a1b78a27578f13a17b -> 
  custom:container-demuxer-webm: 4f35f7cbe854078d1ac9338744f61a02 -> 
  custom:container-demuxer-ogg: 62fdf1f143b41e24485cea50d1cbac27 -> 
  custom:video-encoder-webm-vp8: eb34c28f22e8b96e1ab97ce403110664 -> 
  custom:framework-osx-AVFoundation: b23960f63f64bdc6ff669e2cdcee2391 -> 
  custom:video-decoder-webm-vp8: 9c59270c3fd7afecdb556c50c9e8de78 -> 
  custom:audio-decoder-ogg-vorbis: bf7c407c2cedff20999df2af8eb42d56 -> 
  custom:audio-encoder-webm-vorbis: bf7c407c2cedff20999df2af8eb42d56 -> 
========================================================================
Received Import Request.
  path: Assets/Fonts
  artifactKey: Guid(aa416240131314c98875d37b00b1effb) Importer(815301076,1909f56bfc062723c751e8b465ee728b)
Start importing Assets/Fonts using Guid(aa416240131314c98875d37b00b1effb) Importer(815301076,1909f56bfc062723c751e8b465ee728b)  -> (artifact id: '8e0de7f1c7758f08c4d6830fd18a8d65') in 0.004848 seconds 
  Import took 0.008467 seconds .

========================================================================
Received Import Request.
  Time since last request: 16.756658 seconds.
  path: Assets/Fonts/aerxtabs_memesbruh03.ttf
  artifactKey: Guid(0b2f6cc7163a640c1a12e813d38293b8) Importer(815301076,1909f56bfc062723c751e8b465ee728b)
Start importing Assets/Fonts/aerxtabs_memesbruh03.ttf using Guid(0b2f6cc7163a640c1a12e813d38293b8) Importer(815301076,1909f56bfc062723c751e8b465ee728b)  -> (artifact id: 'b44892abbb5aca4e70b1a16f3f27bf53') in 0.431540 seconds 
  Import took 0.436700 seconds .

========================================================================
Received Import Request.
  Time since last request: 0.576423 seconds.
  path: Assets/Fonts/aerxtabs_memesbruh03.ttf
  artifactKey: Guid(0b2f6cc7163a640c1a12e813d38293b8) Importer(815301076,1909f56bfc062723c751e8b465ee728b)
Start importing Assets/Fonts/aerxtabs_memesbruh03.ttf using Guid(0b2f6cc7163a640c1a12e813d38293b8) Importer(815301076,1909f56bfc062723c751e8b465ee728b)  -> (artifact id: 'b44892abbb5aca4e70b1a16f3f27bf53') in 0.016840 seconds 
  Import took 0.021836 seconds .

========================================================================
Received Import Request.
  Time since last request: 99.937748 seconds.
  path: Assets/DreamOS - Complete OS UI/Fonts/OpenSans-ExtraBold.ttf
  artifactKey: Guid(122834da39c9ff3428f57bd1a15782c4) Importer(815301076,1909f56bfc062723c751e8b465ee728b)
Start importing Assets/DreamOS - Complete OS UI/Fonts/OpenSans-ExtraBold.ttf using Guid(122834da39c9ff3428f57bd1a15782c4) Importer(815301076,1909f56bfc062723c751e8b465ee728b)  -> (artifact id: '44a3be96d07d9d839d5388ea518cc34d') in 0.015488 seconds 
  Import took 0.019794 seconds .

========================================================================
Received Import Request.
  Time since last request: 0.000223 seconds.
  path: Assets/DreamOS - Complete OS UI/Fonts/OpenSans-ExtraBoldItalic SDF.asset
  artifactKey: Guid(e4041c94a2181b243bd1912946bfbe63) Importer(815301076,1909f56bfc062723c751e8b465ee728b)
Start importing Assets/DreamOS - Complete OS UI/Fonts/OpenSans-ExtraBoldItalic SDF.asset using Guid(e4041c94a2181b243bd1912946bfbe63) Importer(815301076,1909f56bfc062723c751e8b465ee728b)  -> (artifact id: '3f45f4433c3a174523034e6a4a0cec48') in 0.241321 seconds 
  Import took 0.245302 seconds .

========================================================================
Received Import Request.
  Time since last request: 0.000409 seconds.
  path: Assets/DreamOS - Complete OS UI/Fonts/OpenSans-Italic SDF.asset
  artifactKey: Guid(ff92caddbdea54743a04dda78cc41035) Importer(815301076,1909f56bfc062723c751e8b465ee728b)
Start importing Assets/DreamOS - Complete OS UI/Fonts/OpenSans-Italic SDF.asset using Guid(ff92caddbdea54743a04dda78cc41035) Importer(815301076,1909f56bfc062723c751e8b465ee728b)  -> (artifact id: 'f8c54a9bdbae4f10fe02ad52af2f1aff') in 0.017078 seconds 
  Import took 0.021320 seconds .

========================================================================
Received Import Request.
  Time since last request: 0.000249 seconds.
  path: Assets/DreamOS - Complete OS UI/Fonts/OpenSans-Regular SDF.asset
  artifactKey: Guid(4bd810f1cbcb0f446a8f5a31453e243f) Importer(815301076,1909f56bfc062723c751e8b465ee728b)
Start importing Assets/DreamOS - Complete OS UI/Fonts/OpenSans-Regular SDF.asset using Guid(4bd810f1cbcb0f446a8f5a31453e243f) Importer(815301076,1909f56bfc062723c751e8b465ee728b)  -> (artifact id: 'db7a20108efc403d29ca2c8c4220cf23') in 0.027384 seconds 
  Import took 0.033034 seconds .

========================================================================
Received Import Request.
  Time since last request: 0.000284 seconds.
  path: Assets/DreamOS - Complete OS UI/Fonts/OpenSans-ExtraBoldItalic.ttf
  artifactKey: Guid(c544611140675b344bb8907cda0abaa2) Importer(815301076,1909f56bfc062723c751e8b465ee728b)
Start importing Assets/DreamOS - Complete OS UI/Fonts/OpenSans-ExtraBoldItalic.ttf using Guid(c544611140675b344bb8907cda0abaa2) Importer(815301076,1909f56bfc062723c751e8b465ee728b)  -> (artifact id: '8d4050775caca8c6895e5575c2d8059e') in 0.015158 seconds 
  Import took 0.019615 seconds .

========================================================================
Received Import Request.
  Time since last request: 0.000298 seconds.
  path: Assets/DreamOS - Complete OS UI/Fonts/Roboto-Regular.ttf
  artifactKey: Guid(4f975806f8d481f428bc2d4e049d5c53) Importer(815301076,1909f56bfc062723c751e8b465ee728b)
Start importing Assets/DreamOS - Complete OS UI/Fonts/Roboto-Regular.ttf using Guid(4f975806f8d481f428bc2d4e049d5c53) Importer(815301076,1909f56bfc062723c751e8b465ee728b)  -> (artifact id: '8cf0b319a1962aade043d612fd4b5b2e') in 0.011812 seconds 
  Import took 0.016474 seconds .

========================================================================
Received Import Request.
  Time since last request: 0.000266 seconds.
  path: Assets/DreamOS - Complete OS UI/Fonts/OpenSans-Light SDF.asset
  artifactKey: Guid(2f17e8bb3967fe14093d5fec798fffd9) Importer(815301076,1909f56bfc062723c751e8b465ee728b)
Start importing Assets/DreamOS - Complete OS UI/Fonts/OpenSans-Light SDF.asset using Guid(2f17e8bb3967fe14093d5fec798fffd9) Importer(815301076,1909f56bfc062723c751e8b465ee728b)  -> (artifact id: '7d557f38b626727e3b3e49aa37e9be54') in 0.023238 seconds 
  Import took 0.028458 seconds .

========================================================================
Received Import Request.
  Time since last request: 0.000224 seconds.
  path: Assets/DreamOS - Complete OS UI/Fonts/OpenSans-Light.ttf
  artifactKey: Guid(9c8fd042b7bad3647aacece9e796fdf7) Importer(815301076,1909f56bfc062723c751e8b465ee728b)
Start importing Assets/DreamOS - Complete OS UI/Fonts/OpenSans-Light.ttf using Guid(9c8fd042b7bad3647aacece9e796fdf7) Importer(815301076,1909f56bfc062723c751e8b465ee728b)  -> (artifact id: '18526b97536cf8ddbf4482bb25b8eddf') in 0.012983 seconds 
  Import took 0.018710 seconds .

========================================================================
Received Import Request.
  Time since last request: 0.000307 seconds.
  path: Assets/DreamOS - Complete OS UI/Fonts/OpenSans-SemiboldItalic SDF.asset
  artifactKey: Guid(e5fa6cba27f1b7a47838db200baa1556) Importer(815301076,1909f56bfc062723c751e8b465ee728b)
Start importing Assets/DreamOS - Complete OS UI/Fonts/OpenSans-SemiboldItalic SDF.asset using Guid(e5fa6cba27f1b7a47838db200baa1556) Importer(815301076,1909f56bfc062723c751e8b465ee728b)  -> (artifact id: '707cce9cb5bd7d171c07cbac289c2338') in 0.018137 seconds 
  Import took 0.022546 seconds .

========================================================================
Received Import Request.
  Time since last request: 0.000552 seconds.
  path: Assets/DreamOS - Complete OS UI/Fonts/OpenSans-LightItalic SDF.asset
  artifactKey: Guid(d10d3fbe67cb68d41930a013bc4e2e43) Importer(815301076,1909f56bfc062723c751e8b465ee728b)
Start importing Assets/DreamOS - Complete OS UI/Fonts/OpenSans-LightItalic SDF.asset using Guid(d10d3fbe67cb68d41930a013bc4e2e43) Importer(815301076,1909f56bfc062723c751e8b465ee728b)  -> (artifact id: 'beb0b7eb140aa9fb139a130502798afa') in 0.017719 seconds 
  Import took 0.022663 seconds .

========================================================================
Received Import Request.
  Time since last request: 0.000332 seconds.
  path: Assets/DreamOS - Complete OS UI/Fonts/OpenSans-LightItalic.ttf
  artifactKey: Guid(9985919b04d78b04ba8451808f2bc34d) Importer(815301076,1909f56bfc062723c751e8b465ee728b)
Start importing Assets/DreamOS - Complete OS UI/Fonts/OpenSans-LightItalic.ttf using Guid(9985919b04d78b04ba8451808f2bc34d) Importer(815301076,1909f56bfc062723c751e8b465ee728b)  -> (artifact id: 'ac3b7cf5ae5d8d24f3d6b3d08c7fd7d0') in 0.014035 seconds 
  Import took 0.018873 seconds .

========================================================================
Received Import Request.
  Time since last request: 0.000555 seconds.
  path: Assets/DreamOS - Complete OS UI/Fonts/OpenSans-Semibold SDF.asset
  artifactKey: Guid(84dd14695854bbc43a5faa24fcf93d0d) Importer(815301076,1909f56bfc062723c751e8b465ee728b)
Start importing Assets/DreamOS - Complete OS UI/Fonts/OpenSans-Semibold SDF.asset using Guid(84dd14695854bbc43a5faa24fcf93d0d) Importer(815301076,1909f56bfc062723c751e8b465ee728b)  -> (artifact id: '750651094e33f3145543bc7097bca43a') in 0.023164 seconds 
  Import took 0.027867 seconds .

========================================================================
Received Import Request.
  Time since last request: 0.016918 seconds.
  path: Assets/DreamOS - Complete OS UI/Fonts/OpenSans-Italic.ttf
  artifactKey: Guid(f534bfbf22b73aa478a30b001a4ff387) Importer(815301076,1909f56bfc062723c751e8b465ee728b)
Start importing Assets/DreamOS - Complete OS UI/Fonts/OpenSans-Italic.ttf using Guid(f534bfbf22b73aa478a30b001a4ff387) Importer(815301076,1909f56bfc062723c751e8b465ee728b)  -> (artifact id: 'd53ecfc2f0ffa5977d5158d63df4f869') in 0.013111 seconds 
  Import took 0.017766 seconds .

========================================================================
Received Import Request.
  Time since last request: 0.000355 seconds.
  path: Assets/DreamOS - Complete OS UI/Fonts/OpenSans-Regular.ttf
  artifactKey: Guid(5997fe0be3eb5fd40810e50d6cabb652) Importer(815301076,1909f56bfc062723c751e8b465ee728b)
Start importing Assets/DreamOS - Complete OS UI/Fonts/OpenSans-Regular.ttf using Guid(5997fe0be3eb5fd40810e50d6cabb652) Importer(815301076,1909f56bfc062723c751e8b465ee728b)  -> (artifact id: '3f09934c67d1c779a18d97a8dc61d9b9') in 0.011512 seconds 
  Import took 0.015242 seconds .

========================================================================
Received Import Request.
  Time since last request: 0.000356 seconds.
  path: Assets/DreamOS - Complete OS UI/Fonts/OpenSans-SemiboldItalic.ttf
  artifactKey: Guid(26f09da095a9bbe4ab817d57dea6dbea) Importer(815301076,1909f56bfc062723c751e8b465ee728b)
Start importing Assets/DreamOS - Complete OS UI/Fonts/OpenSans-SemiboldItalic.ttf using Guid(26f09da095a9bbe4ab817d57dea6dbea) Importer(815301076,1909f56bfc062723c751e8b465ee728b)  -> (artifact id: 'bddd91973ad2c9258b140af6a8e933a5') in 0.011771 seconds 
  Import took 0.016136 seconds .

========================================================================
Received Import Request.
  Time since last request: 0.000374 seconds.
  path: Assets/DreamOS - Complete OS UI/Fonts/OpenSans-Semibold.ttf
  artifactKey: Guid(29d1861da7232b847ad1337bd27c3113) Importer(815301076,1909f56bfc062723c751e8b465ee728b)
Start importing Assets/DreamOS - Complete OS UI/Fonts/OpenSans-Semibold.ttf using Guid(29d1861da7232b847ad1337bd27c3113) Importer(815301076,1909f56bfc062723c751e8b465ee728b)  -> (artifact id: '5689dc72ef80d31c8318bfc0705e7277') in 0.011894 seconds 
  Import took 0.017390 seconds .

========================================================================
Received Import Request.
  Time since last request: 0.000198 seconds.
  path: Assets/DreamOS - Complete OS UI/Fonts/OpenSans-Thin SDF.asset
  artifactKey: Guid(58314e93d8c20b34cb6659ae8aba8827) Importer(815301076,1909f56bfc062723c751e8b465ee728b)
Start importing Assets/DreamOS - Complete OS UI/Fonts/OpenSans-Thin SDF.asset using Guid(58314e93d8c20b34cb6659ae8aba8827) Importer(815301076,1909f56bfc062723c751e8b465ee728b)  -> (artifact id: '43d7176a983896d05f5f8546e6daea0c') in 0.025721 seconds 
  Import took 0.031286 seconds .

========================================================================
Received Import Request.
  Time since last request: 63.508772 seconds.
  path: Assets/DreamOS - Complete OS UI/Fonts/LCR SDF.asset
  artifactKey: Guid(aa6077fdbae1a0849858aadd1fce2ed0) Importer(815301076,1909f56bfc062723c751e8b465ee728b)
Start importing Assets/DreamOS - Complete OS UI/Fonts/LCR SDF.asset using Guid(aa6077fdbae1a0849858aadd1fce2ed0) Importer(815301076,1909f56bfc062723c751e8b465ee728b)  -> (artifact id: '8093b6e3be49a7adcabc3e4e3d356b83') in 0.025308 seconds 
  Import took 0.029846 seconds .

========================================================================
Received Import Request.
  Time since last request: 0.000279 seconds.
  path: Assets/DreamOS - Complete OS UI/Fonts/OpenSans-BoldItalic.ttf
  artifactKey: Guid(bede1f0d27b7fe64f97b0e40e3ab76d3) Importer(815301076,1909f56bfc062723c751e8b465ee728b)
Start importing Assets/DreamOS - Complete OS UI/Fonts/OpenSans-BoldItalic.ttf using Guid(bede1f0d27b7fe64f97b0e40e3ab76d3) Importer(815301076,1909f56bfc062723c751e8b465ee728b)  -> (artifact id: 'c1eccdec76d09be91b993697f7cb0aab') in 0.012328 seconds 
  Import took 0.017788 seconds .

========================================================================
Received Import Request.
  Time since last request: 0.000284 seconds.
  path: Assets/DreamOS - Complete OS UI/Fonts/OpenSans-BoldItalic SDF.asset
  artifactKey: Guid(b03b7a4c74cd6294ca732f49684716ee) Importer(815301076,1909f56bfc062723c751e8b465ee728b)
Start importing Assets/DreamOS - Complete OS UI/Fonts/OpenSans-BoldItalic SDF.asset using Guid(b03b7a4c74cd6294ca732f49684716ee) Importer(815301076,1909f56bfc062723c751e8b465ee728b)  -> (artifact id: '0e2043dcdd885fa026c6f820f0752371') in 0.017659 seconds 
  Import took 0.022631 seconds .

========================================================================
Received Import Request.
  Time since last request: 0.000333 seconds.
  path: Assets/DreamOS - Complete OS UI/Fonts/OpenSans-Bold SDF.asset
  artifactKey: Guid(fa328c1ae3ffb6b4583cf371153b0be6) Importer(815301076,1909f56bfc062723c751e8b465ee728b)
Start importing Assets/DreamOS - Complete OS UI/Fonts/OpenSans-Bold SDF.asset using Guid(fa328c1ae3ffb6b4583cf371153b0be6) Importer(815301076,1909f56bfc062723c751e8b465ee728b)  -> (artifact id: '2217b7f32a56f5816583fffad76c06d5') in 0.021848 seconds 
  Import took 0.027130 seconds .

========================================================================
Received Import Request.
  Time since last request: 0.000239 seconds.
  path: Assets/DreamOS - Complete OS UI/Fonts/OpenSans-ExtraBold SDF.asset
  artifactKey: Guid(ca60657c190bc8c4e89dfb3e23d76209) Importer(815301076,1909f56bfc062723c751e8b465ee728b)
Start importing Assets/DreamOS - Complete OS UI/Fonts/OpenSans-ExtraBold SDF.asset using Guid(ca60657c190bc8c4e89dfb3e23d76209) Importer(815301076,1909f56bfc062723c751e8b465ee728b)  -> (artifact id: '2416338b9819aa74c8f8ed79ed4d54d4') in 0.019571 seconds 
  Import took 0.024828 seconds .

========================================================================
Received Import Request.
  Time since last request: 0.000349 seconds.
  path: Assets/DreamOS - Complete OS UI/Fonts/OpenSans-Bold.ttf
  artifactKey: Guid(0a0f067e0cc462b4794bffbe99a92dec) Importer(815301076,1909f56bfc062723c751e8b465ee728b)
Start importing Assets/DreamOS - Complete OS UI/Fonts/OpenSans-Bold.ttf using Guid(0a0f067e0cc462b4794bffbe99a92dec) Importer(815301076,1909f56bfc062723c751e8b465ee728b)  -> (artifact id: 'd6b933478a1959badeee377b80a728a4') in 0.018547 seconds 
  Import took 0.024165 seconds .

========================================================================
Received Import Request.
  Time since last request: 0.002015 seconds.
  path: Assets/DreamOS - Complete OS UI/Fonts/LCR.ttf
  artifactKey: Guid(9264ec8d36ee97244bfddad936074ee6) Importer(815301076,1909f56bfc062723c751e8b465ee728b)
Start importing Assets/DreamOS - Complete OS UI/Fonts/LCR.ttf using Guid(9264ec8d36ee97244bfddad936074ee6) Importer(815301076,1909f56bfc062723c751e8b465ee728b)  -> (artifact id: '82872011232ef4919f360589ea466b74') in 0.012665 seconds 
  Import took 0.017494 seconds .

========================================================================
Received Import Request.
  Time since last request: 201.928358 seconds.
  path: Assets/Fonts/aerxtabs_memesbruh03 SDF.asset
  artifactKey: Guid(f8ad37fa175a8499fbc7a64dddb2c59e) Importer(815301076,1909f56bfc062723c751e8b465ee728b)
Start importing Assets/Fonts/aerxtabs_memesbruh03 SDF.asset using Guid(f8ad37fa175a8499fbc7a64dddb2c59e) Importer(815301076,1909f56bfc062723c751e8b465ee728b)  -> (artifact id: 'a68c8a66c62941fa3c763f083ac2bcda') in 0.027172 seconds 
  Import took 0.031793 seconds .

========================================================================
Received Import Request.
  Time since last request: 175.095660 seconds.
  path: Assets/Fonts/aerxtabs_memesbruh03 SDF.asset
  artifactKey: Guid(f8ad37fa175a8499fbc7a64dddb2c59e) Importer(815301076,1909f56bfc062723c751e8b465ee728b)
Start importing Assets/Fonts/aerxtabs_memesbruh03 SDF.asset using Guid(f8ad37fa175a8499fbc7a64dddb2c59e) Importer(815301076,1909f56bfc062723c751e8b465ee728b)  -> (artifact id: 'efc33b2c7bdd9ff0943ba3aca0fa8788') in 0.075821 seconds 
  Import took 0.112812 seconds .

========================================================================
Received Import Request.
  Time since last request: 210.412047 seconds.
  path: Assets/Reference PNGs
  artifactKey: Guid(4ebb1678848a149b0bbd01f9cc01ef55) Importer(815301076,1909f56bfc062723c751e8b465ee728b)
Start importing Assets/Reference PNGs using Guid(4ebb1678848a149b0bbd01f9cc01ef55) Importer(815301076,1909f56bfc062723c751e8b465ee728b)  -> (artifact id: 'a7f71966b5a453caafcb5826b44eb788') in 0.014884 seconds 
  Import took 0.061780 seconds .

========================================================================
Received Import Request.
  Time since last request: 16.984678 seconds.
  path: Assets/Reference PNGs/client sim desktop icons guide.png
  artifactKey: Guid(92154b844d8724d71b3f4207f8176fe3) Importer(815301076,1909f56bfc062723c751e8b465ee728b)
Start importing Assets/Reference PNGs/client sim desktop icons guide.png using Guid(92154b844d8724d71b3f4207f8176fe3) Importer(815301076,1909f56bfc062723c751e8b465ee728b)  -> (artifact id: '1cd6b37d95a579e3ec71373411ad9760') in 0.631623 seconds 
  Import took 0.636291 seconds .

========================================================================
Received Import Request.
  Time since last request: 350.207553 seconds.
  path: Assets/DreamOS - Complete OS UI/Fonts/OpenSans-Italic SDF.asset
  artifactKey: Guid(ff92caddbdea54743a04dda78cc41035) Importer(815301076,1909f56bfc062723c751e8b465ee728b)
Start importing Assets/DreamOS - Complete OS UI/Fonts/OpenSans-Italic SDF.asset using Guid(ff92caddbdea54743a04dda78cc41035) Importer(815301076,1909f56bfc062723c751e8b465ee728b)  -> (artifact id: '283a6c90a5295798c8ded4a86f5ea995') in 0.063396 seconds 
  Import took 0.069170 seconds .

========================================================================
Received Import Request.
  Time since last request: 33.332107 seconds.
  path: Assets/TextMesh Pro
  artifactKey: Guid(f54d1bd14bd3ca042bd867b519fee8cc) Importer(815301076,1909f56bfc062723c751e8b465ee728b)
Start importing Assets/TextMesh Pro using Guid(f54d1bd14bd3ca042bd867b519fee8cc) Importer(815301076,1909f56bfc062723c751e8b465ee728b)  -> (artifact id: '16b4cbde9565bf190136f1148817e1ea') in 0.002397 seconds 
  Import took 0.008377 seconds .

========================================================================
Received Import Request.
  Time since last request: 1137.037605 seconds.
  path: Assets/Desktop
  artifactKey: Guid(418b91f7d172a164492aebcb3d4d6a3c) Importer(815301076,1909f56bfc062723c751e8b465ee728b)
Start importing Assets/Desktop using Guid(418b91f7d172a164492aebcb3d4d6a3c) Importer(815301076,1909f56bfc062723c751e8b465ee728b)  -> (artifact id: 'b5f8e302dacdc7ea0007a724f3645f49') in 0.006926 seconds 
  Import took 0.053462 seconds .

========================================================================
Received Import Request.
  Time since last request: 20.678309 seconds.
  path: Assets/Drawing Program
  artifactKey: Guid(b59bd0e0bf617436989fdd612ee70585) Importer(815301076,1909f56bfc062723c751e8b465ee728b)
Start importing Assets/Drawing Program using Guid(b59bd0e0bf617436989fdd612ee70585) Importer(815301076,1909f56bfc062723c751e8b465ee728b)  -> (artifact id: '1691c6263c0a7619076a865290e9ecab') in 0.003583 seconds 
  Import took 0.007660 seconds .

========================================================================
Received Import Request.
  Time since last request: 3157.838968 seconds.
  path: Assets/Desktop/desktop_bottom-bar.png
  artifactKey: Guid(edc18cfc92c1048f2a239fe98bc1e4b0) Importer(815301076,1909f56bfc062723c751e8b465ee728b)
Start importing Assets/Desktop/desktop_bottom-bar.png using Guid(edc18cfc92c1048f2a239fe98bc1e4b0) Importer(815301076,1909f56bfc062723c751e8b465ee728b)  -> (artifact id: 'eec4f8e13831265ab75fbdf55b7a7ed2') in 0.161015 seconds 
  Import took 0.243322 seconds .

========================================================================
Received Import Request.
  Time since last request: 0.000940 seconds.
  path: Assets/Desktop/desktop_screen-border.png
  artifactKey: Guid(8fafe3d36d345438aa7ed65b7b8a63b1) Importer(815301076,1909f56bfc062723c751e8b465ee728b)
Start importing Assets/Desktop/desktop_screen-border.png using Guid(8fafe3d36d345438aa7ed65b7b8a63b1) Importer(815301076,1909f56bfc062723c751e8b465ee728b)  -> (artifact id: '7d9ec341f32a33db9bc861e838ae11b3') in 0.028070 seconds 
  Import took 0.032381 seconds .

========================================================================
Received Import Request.
  Time since last request: 0.000767 seconds.
  path: Assets/Desktop/desktop_tab.png
  artifactKey: Guid(c4edd32fd55414148814043a1d62b231) Importer(815301076,1909f56bfc062723c751e8b465ee728b)
Start importing Assets/Desktop/desktop_tab.png using Guid(c4edd32fd55414148814043a1d62b231) Importer(815301076,1909f56bfc062723c751e8b465ee728b)  -> (artifact id: 'c5c2fa44cd1ae8531ad9358408bffcc1') in 0.021139 seconds 
  Import took 0.025802 seconds .

========================================================================
Received Import Request.
  Time since last request: 0.000283 seconds.
  path: Assets/Desktop/desktop_messy file icons.png
  artifactKey: Guid(6a21e6ae30fc345bda70cbdb9f1d957a) Importer(815301076,1909f56bfc062723c751e8b465ee728b)
Start importing Assets/Desktop/desktop_messy file icons.png using Guid(6a21e6ae30fc345bda70cbdb9f1d957a) Importer(815301076,1909f56bfc062723c751e8b465ee728b)  -> (artifact id: 'b25b420e98496b1631ec8134e9ca2ac9') in 0.023864 seconds 
  Import took 0.029022 seconds .

========================================================================
Received Import Request.
  Time since last request: 0.000375 seconds.
  path: Assets/Desktop/desktop_tab-(selected).png
  artifactKey: Guid(95b24408acfc34405a57ac85579b8b71) Importer(815301076,1909f56bfc062723c751e8b465ee728b)
Start importing Assets/Desktop/desktop_tab-(selected).png using Guid(95b24408acfc34405a57ac85579b8b71) Importer(815301076,1909f56bfc062723c751e8b465ee728b)  -> (artifact id: 'ec11d70002177694ecb2d06936ed2c31') in 0.016326 seconds 
  Import took 0.020470 seconds .

========================================================================
Received Import Request.
  Time since last request: 77.574848 seconds.
  path: Assets/Drawing Program/drw_+-layer-button-(hover).png
  artifactKey: Guid(50cbae9b763e145c0afaee99cdc1a202) Importer(815301076,1909f56bfc062723c751e8b465ee728b)
Start importing Assets/Drawing Program/drw_+-layer-button-(hover).png using Guid(50cbae9b763e145c0afaee99cdc1a202) Importer(815301076,1909f56bfc062723c751e8b465ee728b)  -> (artifact id: 'f7e80022bef9f6472a14121d81e68ff3') in 0.031530 seconds 
  Import took 0.036054 seconds .

========================================================================
Received Import Request.
  Time since last request: 0.000238 seconds.
  path: Assets/Drawing Program/drw_bg-layer-(hover).png
  artifactKey: Guid(1eb33b8f2e1d749b5b73afe62a3ed5b9) Importer(815301076,1909f56bfc062723c751e8b465ee728b)
Start importing Assets/Drawing Program/drw_bg-layer-(hover).png using Guid(1eb33b8f2e1d749b5b73afe62a3ed5b9) Importer(815301076,1909f56bfc062723c751e8b465ee728b)  -> (artifact id: '2f04f3c57732882bb2943a46de72b300') in 0.016745 seconds 
  Import took 0.022753 seconds .

========================================================================
Received Import Request.
  Time since last request: 0.004706 seconds.
  path: Assets/Drawing Program/drw_toolbar-(minimized).png
  artifactKey: Guid(0d23a7b07407f42e0b6d74c15ad847ff) Importer(815301076,1909f56bfc062723c751e8b465ee728b)
Start importing Assets/Drawing Program/drw_toolbar-(minimized).png using Guid(0d23a7b07407f42e0b6d74c15ad847ff) Importer(815301076,1909f56bfc062723c751e8b465ee728b)  -> (artifact id: '8f9c01d00273f5d193b6766c93be7d08') in 0.021944 seconds 
  Import took 0.026621 seconds .

========================================================================
Received Import Request.
  Time since last request: 0.000340 seconds.
  path: Assets/Drawing Program/drw_toolbar.png
  artifactKey: Guid(3efc4ce8a8a7e4e81b991ad35c0b4dd6) Importer(815301076,1909f56bfc062723c751e8b465ee728b)
Start importing Assets/Drawing Program/drw_toolbar.png using Guid(3efc4ce8a8a7e4e81b991ad35c0b4dd6) Importer(815301076,1909f56bfc062723c751e8b465ee728b)  -> (artifact id: '24e931f7148b01777e5ee102288041cb') in 0.019397 seconds 
  Import took 0.023584 seconds .

========================================================================
Received Import Request.
  Time since last request: 0.000190 seconds.
  path: Assets/Drawing Program/drw_size-slider-bar.png
  artifactKey: Guid(7c77b741ab3974c14ad808a914fc8d4b) Importer(815301076,1909f56bfc062723c751e8b465ee728b)
Start importing Assets/Drawing Program/drw_size-slider-bar.png using Guid(7c77b741ab3974c14ad808a914fc8d4b) Importer(815301076,1909f56bfc062723c751e8b465ee728b)  -> (artifact id: '7ecb94adee04ebbc359e8f3cc93b6eb0') in 0.018295 seconds 
  Import took 0.022764 seconds .

========================================================================
Received Import Request.
  Time since last request: 0.000904 seconds.
  path: Assets/Drawing Program/drw_minimize-window-(clicked).png
  artifactKey: Guid(fcc8b254f4a664f689ed1587d9fd0890) Importer(815301076,1909f56bfc062723c751e8b465ee728b)
Start importing Assets/Drawing Program/drw_minimize-window-(clicked).png using Guid(fcc8b254f4a664f689ed1587d9fd0890) Importer(815301076,1909f56bfc062723c751e8b465ee728b)  -> (artifact id: '5e864d4ca885b58d901f0e1e29dee8d0') in 0.016739 seconds 
  Import took 0.020537 seconds .

========================================================================
Received Import Request.
  Time since last request: 0.000474 seconds.
  path: Assets/Drawing Program/drw_toolbar-icons.png
  artifactKey: Guid(4787ec9c4d9064fcc976471e306dd5b0) Importer(815301076,1909f56bfc062723c751e8b465ee728b)
Start importing Assets/Drawing Program/drw_toolbar-icons.png using Guid(4787ec9c4d9064fcc976471e306dd5b0) Importer(815301076,1909f56bfc062723c751e8b465ee728b)  -> (artifact id: 'bab8158cdaca365e0346db86142a9685') in 0.017893 seconds 
  Import took 0.022337 seconds .

========================================================================
Received Import Request.
  Time since last request: 0.000186 seconds.
  path: Assets/Drawing Program/drw_+-tab-(hover).png
  artifactKey: Guid(33528d061c0894cb098244866b59ec58) Importer(815301076,1909f56bfc062723c751e8b465ee728b)
Start importing Assets/Drawing Program/drw_+-tab-(hover).png using Guid(33528d061c0894cb098244866b59ec58) Importer(815301076,1909f56bfc062723c751e8b465ee728b)  -> (artifact id: '0da06e39f3017aa8a6157b6c912abf78') in 0.017451 seconds 
  Import took 0.021553 seconds .

========================================================================
Received Import Request.
  Time since last request: 0.000218 seconds.
  path: Assets/Drawing Program/drw_canvas.png
  artifactKey: Guid(4d9c77f5bf49f42f991f528f2f1d191e) Importer(815301076,1909f56bfc062723c751e8b465ee728b)
Start importing Assets/Drawing Program/drw_canvas.png using Guid(4d9c77f5bf49f42f991f528f2f1d191e) Importer(815301076,1909f56bfc062723c751e8b465ee728b)  -> (artifact id: '71c39cb856d06828334561c5c290930b') in 0.017107 seconds 
  Import took 0.021667 seconds .

========================================================================
Received Import Request.
  Time since last request: 0.000305 seconds.
  path: Assets/Drawing Program/drw_size-slider-tab.png
  artifactKey: Guid(922b5a9e84b184715822926421ab6d23) Importer(815301076,1909f56bfc062723c751e8b465ee728b)
Start importing Assets/Drawing Program/drw_size-slider-tab.png using Guid(922b5a9e84b184715822926421ab6d23) Importer(815301076,1909f56bfc062723c751e8b465ee728b)  -> (artifact id: '2f1ed9d4c48059bcd666c8a67a987f9a') in 0.015064 seconds 
  Import took 0.018968 seconds .

========================================================================
Received Import Request.
  Time since last request: 0.000387 seconds.
  path: Assets/Drawing Program/drw_--layer-button-(hover.png
  artifactKey: Guid(21e3ab9be33e34853abe1647b60a740b) Importer(815301076,1909f56bfc062723c751e8b465ee728b)
Start importing Assets/Drawing Program/drw_--layer-button-(hover.png using Guid(21e3ab9be33e34853abe1647b60a740b) Importer(815301076,1909f56bfc062723c751e8b465ee728b)  -> (artifact id: '5c06146340607e598b75255c62ba0521') in 0.018540 seconds 
  Import took 0.023327 seconds .

========================================================================
Received Import Request.
  Time since last request: 0.000316 seconds.
  path: Assets/Drawing Program/drw_toolbar-select.png
  artifactKey: Guid(60f6795f21d3d4dd4a513920c139c726) Importer(815301076,1909f56bfc062723c751e8b465ee728b)
Start importing Assets/Drawing Program/drw_toolbar-select.png using Guid(60f6795f21d3d4dd4a513920c139c726) Importer(815301076,1909f56bfc062723c751e8b465ee728b)  -> (artifact id: '2afac43796e72f503b45836a3f91356d') in 0.017630 seconds 
  Import took 0.021593 seconds .

========================================================================
Received Import Request.
  Time since last request: 0.000320 seconds.
  path: Assets/Drawing Program/drw_window.png
  artifactKey: Guid(5aaeaa470520e4948a8415aff9d15eb6) Importer(815301076,1909f56bfc062723c751e8b465ee728b)
Start importing Assets/Drawing Program/drw_window.png using Guid(5aaeaa470520e4948a8415aff9d15eb6) Importer(815301076,1909f56bfc062723c751e8b465ee728b)  -> (artifact id: 'eef49adc33cdf5f157fe043bfd6e0388') in 0.016158 seconds 
  Import took 0.019499 seconds .

========================================================================
Received Import Request.
  Time since last request: 0.000402 seconds.
  path: Assets/Drawing Program/drw_color-select.png
  artifactKey: Guid(ca75a9941dc874072bd7da75e0c073ba) Importer(815301076,1909f56bfc062723c751e8b465ee728b)
Start importing Assets/Drawing Program/drw_color-select.png using Guid(ca75a9941dc874072bd7da75e0c073ba) Importer(815301076,1909f56bfc062723c751e8b465ee728b)  -> (artifact id: '1b46881484296065bc6c9dc462925382') in 0.015925 seconds 
  Import took 0.019868 seconds .

========================================================================
Received Import Request.
  Time since last request: 0.000382 seconds.
  path: Assets/Drawing Program/drw_close-window-(clicked).png
  artifactKey: Guid(ca5a7cd37ab35421686dea4235220d06) Importer(815301076,1909f56bfc062723c751e8b465ee728b)
Start importing Assets/Drawing Program/drw_close-window-(clicked).png using Guid(ca5a7cd37ab35421686dea4235220d06) Importer(815301076,1909f56bfc062723c751e8b465ee728b)  -> (artifact id: '407f35eaebd6fa11210adc7900ce2e9d') in 0.016066 seconds 
  Import took 0.020094 seconds .

========================================================================
Received Import Request.
  Time since last request: 4.818620 seconds.
  path: Assets/Drawing Program/drw_window.png
  artifactKey: Guid(5aaeaa470520e4948a8415aff9d15eb6) Importer(815301076,1909f56bfc062723c751e8b465ee728b)
Start importing Assets/Drawing Program/drw_window.png using Guid(5aaeaa470520e4948a8415aff9d15eb6) Importer(815301076,1909f56bfc062723c751e8b465ee728b)  -> (artifact id: 'eef49adc33cdf5f157fe043bfd6e0388') in 0.015498 seconds 
  Import took 0.019563 seconds .

